[backblue.gif]
[fade.gif]
[index.html]
[rawgit.com/AlexFlipnote/ModestaCSS/master/css/modesta.min.css]
[i.hizliresim.com/2O1Wgj.png]
[i.hizliresim.com/2O1Wgjbd5f.png]
[turk4turkiye.glitch.me/index.html]
[rawgit.com/AlexFlipnote/ModestaCSS/master/css/modesta.min.css]
[turk4turkiye.glitch.me/istatistik.html]
[ihate.press/EC81EBq.jpg]
[ihate.press/EC7pn45.jpg]
[ihate.press/EC6QFY7.jpg]
[ihate.press/EC9IUBr.jpg]
[ihate.press/ECC80tC.jpg]
[ihate.press/ECH61CX.jpg]
[ihate.press/ECBizJi.jpg]
[ihate.press/ECFoLIa.jpg]
[ihate.press/ECEoAgt.jpg]
[ihate.press/ECDPE7y.jpg]
[ihate.press/ECMO0gP.jpg]
[ihate.press/ECGMy6q.jpg]
[ihate.press/ECVm8mI.jpg]
[ihate.press/ECIy0pB.jpg]
[ihate.press/ECObFD0.jpg]
[ihate.press/ECNXWLb.jpg]
[ihate.press/ECJCB7A.jpg]
[ihate.press/ECTxfvG.jpg]
[ihate.press/ECPVtg3.jpg]
[ihate.press/ECQWK1G.jpg]
[ihate.press/ECUzYx4.jpg]
[ihate.press/ECQWTzr.jpg]
